e:\onedrive - elcass\myproject\win32project2\win32project2\debug\win32project2.pch.codeanalysis
e:\onedrive - elcass\myproject\win32project2\win32project2\debug\vc141.pdb
e:\onedrive - elcass\myproject\win32project2\win32project2\debug\vc141.idb
e:\onedrive - elcass\myproject\win32project2\win32project2\debug\win32project2.pch.codeanalysisast
e:\onedrive - elcass\myproject\win32project2\win32project2\debug\stdafx.nativecodeanalysis.xml
e:\onedrive - elcass\myproject\win32project2\win32project2\debug\stdafx.obj
e:\onedrive - elcass\myproject\win32project2\win32project2\debug\filesystem.nativecodeanalysis.xml
e:\onedrive - elcass\myproject\win32project2\win32project2\debug\function.nativecodeanalysis.xml
e:\onedrive - elcass\myproject\win32project2\win32project2\debug\buttoncontrol.nativecodeanalysis.xml
e:\onedrive - elcass\myproject\win32project2\win32project2\debug\controlbase.nativecodeanalysis.xml
e:\onedrive - elcass\myproject\win32project2\win32project2\debug\labelcontrol.nativecodeanalysis.xml
e:\onedrive - elcass\myproject\win32project2\win32project2\debug\scrollpanelcontrol.nativecodeanalysis.xml
e:\onedrive - elcass\myproject\win32project2\win32project2\debug\treeviewcontrol.nativecodeanalysis.xml
e:\onedrive - elcass\myproject\win32project2\win32project2\debug\global.nativecodeanalysis.xml
e:\onedrive - elcass\myproject\win32project2\win32project2\debug\win32project2.nativecodeanalysis.xml
e:\onedrive - elcass\myproject\win32project2\win32project2\debug\win32project2.obj
e:\onedrive - elcass\myproject\win32project2\win32project2\debug\global.obj
e:\onedrive - elcass\myproject\win32project2\win32project2\debug\treeviewcontrol.obj
e:\onedrive - elcass\myproject\win32project2\win32project2\debug\scrollpanelcontrol.obj
e:\onedrive - elcass\myproject\win32project2\win32project2\debug\labelcontrol.obj
e:\onedrive - elcass\myproject\win32project2\win32project2\debug\controlbase.obj
e:\onedrive - elcass\myproject\win32project2\win32project2\debug\buttoncontrol.obj
e:\onedrive - elcass\myproject\win32project2\win32project2\debug\function.obj
e:\onedrive - elcass\myproject\win32project2\win32project2\debug\filesystem.obj
e:\onedrive - elcass\myproject\win32project2\win32project2\debug\transcoder.nativecodeanalysis.xml
e:\onedrive - elcass\myproject\win32project2\win32project2\debug\oledragdrop.nativecodeanalysis.xml
e:\onedrive - elcass\myproject\win32project2\win32project2\debug\oledragdrop.obj
e:\onedrive - elcass\myproject\win32project2\win32project2\debug\transcoder.obj
e:\onedrive - elcass\myproject\win32project2\debug\win32project2.ilk
e:\onedrive - elcass\myproject\win32project2\debug\win32project2.exe
e:\onedrive - elcass\myproject\win32project2\debug\win32project2.pdb
e:\onedrive - elcass\myproject\win32project2\win32project2\debug\win32project2.res
e:\onedrive - elcass\myproject\win32project2\win32project2\debug\nativecodeanalysis.read.1.tlog
e:\onedrive - elcass\myproject\win32project2\win32project2\debug\vc.nativecodeanalysis.all.xml
e:\onedrive - elcass\myproject\win32project2\debug\win32project2.exe.lastcodeanalysissucceeded
e:\onedrive - elcass\myproject\win32project2\win32project2\debug\win32project2.tlog\cl.command.1.tlog
e:\onedrive - elcass\myproject\win32project2\win32project2\debug\win32project2.tlog\cl.read.1.tlog
e:\onedrive - elcass\myproject\win32project2\win32project2\debug\win32project2.tlog\cl.write.1.tlog
e:\onedrive - elcass\myproject\win32project2\win32project2\debug\win32project2.tlog\link.command.1.tlog
e:\onedrive - elcass\myproject\win32project2\win32project2\debug\win32project2.tlog\link.read.1.tlog
e:\onedrive - elcass\myproject\win32project2\win32project2\debug\win32project2.tlog\link.write.1.tlog
e:\onedrive - elcass\myproject\win32project2\win32project2\debug\win32project2.tlog\rc.command.1.tlog
e:\onedrive - elcass\myproject\win32project2\win32project2\debug\win32project2.tlog\rc.read.1.tlog
e:\onedrive - elcass\myproject\win32project2\win32project2\debug\win32project2.tlog\rc.write.1.tlog
